ParTner/app/build/outputs/logs/manifest-merger-debug-report.txt
-- Merging decision tree log ---
manifest
ADDED from src/main/AndroidManifest.xml:18:1-159:12
INJECTED from src/main/AndroidManifest.xml:18:1-159:12
INJECTED from src/main/AndroidManifest.xml:18:1-159:12
INJECTED from src/main/AndroidManifest.xml:18:1-159:12
MERGED from [:tensorflow-lite:] AndroidManifest.xml:2:1-6:12
MERGED from [androidx.constraintlayout:constraintlayout:1.1.3] AndroidManifest.xml:2:1-11:12
MERGED from [com.google.android.material:material:1.0.0-rc01] AndroidManifest.xml:17:1-24:12
MERGED from [androidx.recyclerview:recyclerview:1.0.0-rc01] AndroidManifest.xml:17:1-22:12
MERGED from [gun0912.ted:tedpermission:2.1.0] AndroidManifest.xml:2:1-17:12
MERGED from [androidx.appcompat:appcompat:1.0.0-rc01] AndroidManifest.xml:17:1-22:12
MERGED from [androidx.transition:transition:1.0.0-rc01] AndroidManifest.xml:17:1-22:12
MERGED from [androidx.cardview:cardview:1.0.0-rc01] AndroidManifest.xml:17:1-22:12
MERGED from [androidx.vectordrawable:vectordrawable-animated:1.0.0-rc01] AndroidManifest.xml:17:1-22:12
MERGED from [androidx.vectordrawable:vectordrawable:1.0.0-rc01] AndroidManifest.xml:17:1-22:12
MERGED from [androidx.legacy:legacy-support-v13:1.0.0-rc01] AndroidManifest.xml:17:1-22:12
MERGED from [com.quickblox:quickblox-android-sdk-messages:3.9.1] AndroidManifest.xml:2:1-26:12
MERGED from [com.prolificinteractive:material-calendarview:1.4.3] AndroidManifest.xml:2:1-14:12
MERGED from [com.google.firebase:firebase-messaging:17.3.3] AndroidManifest.xml:17:1-37:12
MERGED from [com.google.android.gms:play-services-gcm:16.0.0] AndroidManifest.xml:17:1-28:12
MERGED from [com.google.firebase:firebase-iid:17.0.3] AndroidManifest.xml:17:1-59:12
MERGED from [com.google.firebase:firebase-common:16.0.3] AndroidManifest.xml:2:1-17:12
MERGED from [com.google.android.gms:play-services-iid:16.0.0] AndroidManifest.xml:17:1-28:12
MERGED from [com.google.firebase:firebase-iid-interop:16.0.1] AndroidManifest.xml:2:1-10:12
MERGED from [com.google.android.gms:play-services-base:16.0.1] AndroidManifest.xml:17:1-29:12
MERGED from [com.google.android.gms:play-services-tasks:16.0.1] AndroidManifest.xml:2:1-9:12
MERGED from [com.google.firebase:firebase-measurement-connector:17.0.1] AndroidManifest.xml:17:1-25:12
MERGED from [com.google.android.gms:play-services-stats:16.0.1] AndroidManifest.xml:2:1-9:12
MERGED from [com.google.android.gms:play-services-basement:16.0.1] AndroidManifest.xml:17:1-28:12
MERGED from [androidx.legacy:legacy-support-v4:1.0.0] AndroidManifest.xml:17:1-22:12
MERGED from [androidx.media:media:1.0.0] AndroidManifest.xml:17:1-22:12
MERGED from [androidx.fragment:fragment:1.0.0] AndroidManifest.xml:17:1-22:12
MERGED from [androidx.legacy:legacy-support-core-ui:1.0.0] AndroidManifest.xml:17:1-22:12
MERGED from [androidx.legacy:legacy-support-core-utils:1.0.0] AndroidManifest.xml:17:1-22:12
MERGED from [androidx.loader:loader:1.0.0] AndroidManifest.xml:17:1-22:12
MERGED from [androidx.viewpager:viewpager:1.0.0] AndroidManifest.xml:17:1-22:12
MERGED from [androidx.coordinatorlayout:coordinatorlayout:1.0.0] AndroidManifest.xml:17:1-22:12
MERGED from [androidx.drawerlayout:drawerlayout:1.0.0] AndroidManifest.xml:17:1-22:12
MERGED from [androidx.slidingpanelayout:slidingpanelayout:1.0.0] AndroidManifest.xml:17:1-22:12
MERGED from [androidx.customview:customview:1.0.0] AndroidManifest.xml:17:1-22:12
MERGED from [androidx.swiperefreshlayout:swiperefreshlayout:1.0.0] AndroidManifest.xml:17:1-22:12
MERGED from [androidx.asynclayoutinflater:asynclayoutinflater:1.0.0] AndroidManifest.xml:17:1-22:12
MERGED from [androidx.core:core:1.0.0] AndroidManifest.xml:17:1-24:12
MERGED from [androidx.versionedparcelable:versionedparcelable:1.0.0] AndroidManifest.xml:17:1-25:12
MERGED from [androidx.lifecycle:lifecycle-runtime:2.0.0] AndroidManifest.xml:17:1-22:12
MERGED from [androidx.documentfile:documentfile:1.0.0] AndroidManifest.xml:17:1-22:12
MERGED from [androidx.localbroadcastmanager:localbroadcastmanager:1.0.0] AndroidManifest.xml:17:1-22:12
MERGED from [androidx.print:print:1.0.0] AndroidManifest.xml:17:1-22:12
MERGED from [androidx.interpolator:interpolator:1.0.0] AndroidManifest.xml:17:1-22:12
MERGED from [androidx.cursoradapter:cursoradapter:1.0.0] AndroidManifest.xml:17:1-22:12
MERGED from [androidx.lifecycle:lifecycle-viewmodel:2.0.0] AndroidManifest.xml:17:1-22:12
MERGED from [androidx.lifecycle:lifecycle-livedata:2.0.0] AndroidManifest.xml:17:1-22:12
MERGED from [androidx.lifecycle:lifecycle-livedata-core:2.0.0] AndroidManifest.xml:17:1-22:12
MERGED from [androidx.arch.core:core-runtime:2.0.0] AndroidManifest.xml:17:1-22:12
MERGED from [:openCVLibrary341] AndroidManifest.xml:2:1-11:12
MERGED from [:macelibrary] AndroidManifest.xml:2:1-11:12
MERGED from [io.reactivex.rxjava2:rxandroid:2.0.2] AndroidManifest.xml:15:1-21:12
MERGED from [com.navercorp.pulltorefresh:library:3.2.3] AndroidManifest.xml:2:1-11:12
MERGED from [com.quickblox:quickblox-android-sdk-videochat-webrtc:3.9.1] AndroidManifest.xml:2:1-9:12
MERGED from [com.quickblox:quickblox-android-sdk-chat:3.9.1] AndroidManifest.xml:2:1-14:12
MERGED from [com.quickblox:quickblox-android-sdk-content:3.9.1] AndroidManifest.xml:2:1-12:12
MERGED from [com.quickblox:quickblox-android-sdk-customobjects:3.9.1] AndroidManifest.xml:2:1-9:12
MERGED from [com.crashlytics.sdk.android:crashlytics:2.9.5] AndroidManifest.xml:2:1-19:12
MERGED from [com.quickblox:quickblox-android-sdk-core:3.9.1] AndroidManifest.xml:2:1-10:12
MERGED from [org.webrtc:google-webrtc:1.0.25003] AndroidManifest.xml:11:1-14:12
MERGED from [com.crashlytics.sdk.android:crashlytics-core:2.6.4] AndroidManifest.xml:45:1-56:12
MERGED from [com.crashlytics.sdk.android:answers:1.4.3] AndroidManifest.xml:2:1-13:12
MERGED from [com.crashlytics.sdk.android:beta:1.2.10] AndroidManifest.xml:2:1-13:12
MERGED from [io.fabric.sdk.android:fabric:1.4.4] AndroidManifest.xml:22:1-33:12
INJECTED from src/main/AndroidManifest.xml:18:1-159:12
INJECTED from src/main/AndroidManifest.xml:18:1-159:12
INJECTED from src/main/AndroidManifest.xml:18:1-159:12
	package
		ADDED from src/main/AndroidManifest.xml:20:5-34
		INJECTED from src/main/AndroidManifest.xml
		INJECTED from src/main/AndroidManifest.xml
	android:versionName
		INJECTED from src/main/AndroidManifest.xml
		ADDED from src/main/AndroidManifest.xml:18:1-159:12
		INJECTED from src/main/AndroidManifest.xml
	xmlns:tools
		ADDED from src/main/AndroidManifest.xml:19:5-51
	android:versionCode
		INJECTED from src/main/AndroidManifest.xml
		ADDED from src/main/AndroidManifest.xml:18:1-159:12
		INJECTED from src/main/AndroidManifest.xml
	xmlns:android
		ADDED from src/main/AndroidManifest.xml:18:11-69
uses-permission#android.permission.ACCESS_NETWORK_STATE
ADDED from src/main/AndroidManifest.xml:22:5-79
MERGED from [com.google.firebase:firebase-iid:17.0.3] AndroidManifest.xml:22:5-79
MERGED from [com.google.firebase:firebase-iid:17.0.3] AndroidManifest.xml:22:5-79
MERGED from [com.quickblox:quickblox-android-sdk-chat:3.9.1] AndroidManifest.xml:12:5-79
MERGED from [com.quickblox:quickblox-android-sdk-chat:3.9.1] AndroidManifest.xml:12:5-79
	android:name
		ADDED from src/main/AndroidManifest.xml:22:22-76
uses-permission#android.permission.INTERNET
ADDED from src/main/AndroidManifest.xml:23:5-67
MERGED from [com.google.android.gms:play-services-gcm:16.0.0] AndroidManifest.xml:24:5-67
MERGED from [com.google.android.gms:play-services-gcm:16.0.0] AndroidManifest.xml:24:5-67
MERGED from [com.google.firebase:firebase-iid:17.0.3] AndroidManifest.xml:23:5-67
MERGED from [com.google.firebase:firebase-iid:17.0.3] AndroidManifest.xml:23:5-67
MERGED from [com.google.android.gms:play-services-iid:16.0.0] AndroidManifest.xml:24:5-67
MERGED from [com.google.android.gms:play-services-iid:16.0.0] AndroidManifest.xml:24:5-67
MERGED from [com.quickblox:quickblox-android-sdk-chat:3.9.1] AndroidManifest.xml:11:5-67
MERGED from [com.quickblox:quickblox-android-sdk-chat:3.9.1] AndroidManifest.xml:11:5-67
MERGED from [com.quickblox:quickblox-android-sdk-content:3.9.1] AndroidManifest.xml:10:5-67
MERGED from [com.quickblox:quickblox-android-sdk-content:3.9.1] AndroidManifest.xml:10:5-67
MERGED from [com.crashlytics.sdk.android:crashlytics:2.9.5] AndroidManifest.xml:9:5-67
MERGED from [com.crashlytics.sdk.android:crashlytics:2.9.5] AndroidManifest.xml:9:5-67
MERGED from [com.crashlytics.sdk.android:crashlytics-core:2.6.4] AndroidManifest.xml:52:5-67
MERGED from [com.crashlytics.sdk.android:crashlytics-core:2.6.4] AndroidManifest.xml:52:5-67
MERGED from [com.crashlytics.sdk.android:answers:1.4.3] AndroidManifest.xml:9:5-67
MERGED from [com.crashlytics.sdk.android:answers:1.4.3] AndroidManifest.xml:9:5-67
MERGED from [com.crashlytics.sdk.android:beta:1.2.10] AndroidManifest.xml:9:5-67
MERGED from [com.crashlytics.sdk.android:beta:1.2.10] AndroidManifest.xml:9:5-67
MERGED from [io.fabric.sdk.android:fabric:1.4.4] AndroidManifest.xml:29:5-67
MERGED from [io.fabric.sdk.android:fabric:1.4.4] AndroidManifest.xml:29:5-67
	android:name
		ADDED from src/main/AndroidManifest.xml:23:22-64
uses-permission#android.permission.CAMERA
ADDED from src/main/AndroidManifest.xml:24:5-64
	android:name
		ADDED from src/main/AndroidManifest.xml:24:22-62
uses-permission#android.permission.READ_EXTERNAL_STORAGE
ADDED from src/main/AndroidManifest.xml:25:5-79
	android:name
		ADDED from src/main/AndroidManifest.xml:25:22-77
uses-permission#android.permission.READ_PHONE_STATE
ADDED from src/main/AndroidManifest.xml:26:5-75
	android:name
		ADDED from src/main/AndroidManifest.xml:26:22-72
uses-permission#android.permission.WRITE_EXTERNAL_STORAGE
ADDED from src/main/AndroidManifest.xml:27:5-81
	android:name
		ADDED from src/main/AndroidManifest.xml:27:22-78
uses-permission#android.permission.VIBRATE
ADDED from src/main/AndroidManifest.xml:28:5-65
	android:name
		ADDED from src/main/AndroidManifest.xml:28:22-63
uses-permission#android.permission.MODIFY_AUDIO_SETTINGS
ADDED from src/main/AndroidManifest.xml:29:5-80
	android:name
		ADDED from src/main/AndroidManifest.xml:29:22-77
uses-permission#android.permission.RECORD_AUDIO
ADDED from src/main/AndroidManifest.xml:30:5-71
	android:name
		ADDED from src/main/AndroidManifest.xml:30:22-68
uses-permission#android.permission.ACCESS_WIFI_STATE
ADDED from src/main/AndroidManifest.xml:31:5-76
	android:name
		ADDED from src/main/AndroidManifest.xml:31:22-73
uses-permission#android.permission.BLUETOOTH
ADDED from src/main/AndroidManifest.xml:32:5-68
	android:name
		ADDED from src/main/AndroidManifest.xml:32:22-65
uses-feature#android.hardware.camera
ADDED from src/main/AndroidManifest.xml:34:5-59
	android:name
		ADDED from src/main/AndroidManifest.xml:34:19-57
uses-feature#android.hardware.camera.autofocus
ADDED from src/main/AndroidManifest.xml:35:5-69
	android:name
		ADDED from src/main/AndroidManifest.xml:35:19-67
uses-feature#0x00020000
ADDED from src/main/AndroidManifest.xml:37:5-39:35
	android:glEsVersion
		ADDED from src/main/AndroidManifest.xml:38:9-41
	android:required
		ADDED from src/main/AndroidManifest.xml:39:9-32
application
ADDED from src/main/AndroidManifest.xml:42:5-157:19
MERGED from [:tensorflow-lite:] AndroidManifest.xml:4:5-5:19
MERGED from [:tensorflow-lite:] AndroidManifest.xml:4:5-5:19
MERGED from [androidx.constraintlayout:constraintlayout:1.1.3] AndroidManifest.xml:9:5-20
MERGED from [androidx.constraintlayout:constraintlayout:1.1.3] AndroidManifest.xml:9:5-20
MERGED from [com.google.android.material:material:1.0.0-rc01] AndroidManifest.xml:22:5-20
MERGED from [com.google.android.material:material:1.0.0-rc01] AndroidManifest.xml:22:5-20
MERGED from [gun0912.ted:tedpermission:2.1.0] AndroidManifest.xml:9:5-15:19
MERGED from [gun0912.ted:tedpermission:2.1.0] AndroidManifest.xml:9:5-15:19
MERGED from [com.quickblox:quickblox-android-sdk-messages:3.9.1] AndroidManifest.xml:10:5-24:19
MERGED from [com.quickblox:quickblox-android-sdk-messages:3.9.1] AndroidManifest.xml:10:5-24:19
MERGED from [com.prolificinteractive:material-calendarview:1.4.3] AndroidManifest.xml:12:5-20
MERGED from [com.prolificinteractive:material-calendarview:1.4.3] AndroidManifest.xml:12:5-20
MERGED from [com.google.firebase:firebase-messaging:17.3.3] AndroidManifest.xml:22:5-35:19
MERGED from [com.google.firebase:firebase-messaging:17.3.3] AndroidManifest.xml:22:5-35:19
MERGED from [com.google.android.gms:play-services-gcm:16.0.0] AndroidManifest.xml:26:5-20
MERGED from [com.google.android.gms:play-services-gcm:16.0.0] AndroidManifest.xml:26:5-20
MERGED from [com.google.firebase:firebase-iid:17.0.3] AndroidManifest.xml:28:5-57:19
MERGED from [com.google.firebase:firebase-iid:17.0.3] AndroidManifest.xml:28:5-57:19
MERGED from [com.google.firebase:firebase-common:16.0.3] AndroidManifest.xml:9:5-15:19
MERGED from [com.google.firebase:firebase-common:16.0.3] AndroidManifest.xml:9:5-15:19
MERGED from [com.google.android.gms:play-services-iid:16.0.0] AndroidManifest.xml:26:5-20
MERGED from [com.google.android.gms:play-services-iid:16.0.0] AndroidManifest.xml:26:5-20
MERGED from [com.google.firebase:firebase-iid-interop:16.0.1] AndroidManifest.xml:7:5-8:19
MERGED from [com.google.firebase:firebase-iid-interop:16.0.1] AndroidManifest.xml:7:5-8:19
MERGED from [com.google.android.gms:play-services-base:16.0.1] AndroidManifest.xml:22:5-27:19
MERGED from [com.google.android.gms:play-services-base:16.0.1] AndroidManifest.xml:22:5-27:19
MERGED from [com.google.android.gms:play-services-tasks:16.0.1] AndroidManifest.xml:7:5-20
MERGED from [com.google.android.gms:play-services-tasks:16.0.1] AndroidManifest.xml:7:5-20
MERGED from [com.google.firebase:firebase-measurement-connector:17.0.1] AndroidManifest.xml:22:5-23:19
MERGED from [com.google.firebase:firebase-measurement-connector:17.0.1] AndroidManifest.xml:22:5-23:19
MERGED from [com.google.android.gms:play-services-stats:16.0.1] AndroidManifest.xml:7:5-20
MERGED from [com.google.android.gms:play-services-stats:16.0.1] AndroidManifest.xml:7:5-20
MERGED from [com.google.android.gms:play-services-basement:16.0.1] AndroidManifest.xml:22:5-26:19
MERGED from [com.google.android.gms:play-services-basement:16.0.1] AndroidManifest.xml:22:5-26:19
MERGED from [androidx.core:core:1.0.0] AndroidManifest.xml:22:5-89
MERGED from [androidx.core:core:1.0.0] AndroidManifest.xml:22:5-89
MERGED from [androidx.versionedparcelable:versionedparcelable:1.0.0] AndroidManifest.xml:22:5-23:19
MERGED from [androidx.versionedparcelable:versionedparcelable:1.0.0] AndroidManifest.xml:22:5-23:19
MERGED from [com.navercorp.pulltorefresh:library:3.2.3] AndroidManifest.xml:9:5-20
MERGED from [com.navercorp.pulltorefresh:library:3.2.3] AndroidManifest.xml:9:5-20
MERGED from [com.crashlytics.sdk.android:crashlytics:2.9.5] AndroidManifest.xml:11:5-17:19
MERGED from [com.crashlytics.sdk.android:crashlytics:2.9.5] AndroidManifest.xml:11:5-17:19
MERGED from [com.crashlytics.sdk.android:crashlytics-core:2.6.4] AndroidManifest.xml:54:5-20
MERGED from [com.crashlytics.sdk.android:crashlytics-core:2.6.4] AndroidManifest.xml:54:5-20
MERGED from [com.crashlytics.sdk.android:answers:1.4.3] AndroidManifest.xml:11:5-20
MERGED from [com.crashlytics.sdk.android:answers:1.4.3] AndroidManifest.xml:11:5-20
MERGED from [com.crashlytics.sdk.android:beta:1.2.10] AndroidManifest.xml:11:5-20
MERGED from [com.crashlytics.sdk.android:beta:1.2.10] AndroidManifest.xml:11:5-20
MERGED from [io.fabric.sdk.android:fabric:1.4.4] AndroidManifest.xml:31:5-20
MERGED from [io.fabric.sdk.android:fabric:1.4.4] AndroidManifest.xml:31:5-20
	android:appComponentFactory
		ADDED from [androidx.core:core:1.0.0] AndroidManifest.xml:22:18-86
	android:supportsRtl
		ADDED from src/main/AndroidManifest.xml:47:9-35
	android:label
		ADDED from src/main/AndroidManifest.xml:46:9-41
	tools:ignore
		ADDED from src/main/AndroidManifest.xml:49:9-48
	android:icon
		ADDED from src/main/AndroidManifest.xml:45:9-45
	android:allowBackup
		ADDED from src/main/AndroidManifest.xml:44:9-36
	android:theme
		ADDED from src/main/AndroidManifest.xml:48:9-40
	android:usesCleartextTraffic
		ADDED from src/main/AndroidManifest.xml:50:9-44
	android:name
		ADDED from src/main/AndroidManifest.xml:43:9-44
activity#com.example.partner.LoadingActivity
ADDED from src/main/AndroidManifest.xml:53:9-61:20
	android:screenOrientation
		ADDED from src/main/AndroidManifest.xml:56:13-49
	android:theme
		ADDED from src/main/AndroidManifest.xml:55:13-42
	android:name
		ADDED from src/main/AndroidManifest.xml:54:13-44
intent-filter#action:name:android.intent.action.MAIN+category:name:android.intent.category.LAUNCHER
ADDED from src/main/AndroidManifest.xml:57:13-60:29
action#android.intent.action.MAIN
ADDED from src/main/AndroidManifest.xml:58:17-69
	android:name
		ADDED from src/main/AndroidManifest.xml:58:25-66
category#android.intent.category.LAUNCHER
ADDED from src/main/AndroidManifest.xml:59:17-77
	android:name
		ADDED from src/main/AndroidManifest.xml:59:27-74
activity#com.example.partner.GroupChatWebRTC.activities.LoginActivity
ADDED from src/main/AndroidManifest.xml:62:9-66:52
	android:screenOrientation
		ADDED from src/main/AndroidManifest.xml:66:13-49
	android:configChanges
		ADDED from src/main/AndroidManifest.xml:65:13-74
	android:theme
		ADDED from src/main/AndroidManifest.xml:63:13-54
	android:name
		ADDED from src/main/AndroidManifest.xml:64:13-69
activity#com.example.partner.GroupChatWebRTC.activities.OpponentsActivity
ADDED from src/main/AndroidManifest.xml:68:9-73:52
	android:screenOrientation
		ADDED from src/main/AndroidManifest.xml:73:13-49
	android:launchMode
		ADDED from src/main/AndroidManifest.xml:72:13-44
	android:configChanges
		ADDED from src/main/AndroidManifest.xml:71:13-74
	android:theme
		ADDED from src/main/AndroidManifest.xml:69:13-54
	android:name
		ADDED from src/main/AndroidManifest.xml:70:13-73
activity#com.example.partner.GroupChatWebRTC.activities.PermissionsActivity
ADDED from src/main/AndroidManifest.xml:74:9-84
	android:name
		ADDED from src/main/AndroidManifest.xml:74:19-81
activity#com.example.partner.GroupChatWebRTC.activities.CallActivity
ADDED from src/main/AndroidManifest.xml:76:9-80:51
	android:screenOrientation
		ADDED from src/main/AndroidManifest.xml:79:13-49
	android:configChanges
		ADDED from src/main/AndroidManifest.xml:78:13-74
	android:theme
		ADDED from src/main/AndroidManifest.xml:80:13-48
	android:name
		ADDED from src/main/AndroidManifest.xml:77:13-68
activity#com.example.partner.GroupChatWebRTC.activities.SettingsActivity
ADDED from src/main/AndroidManifest.xml:82:9-86:52
	android:screenOrientation
		ADDED from src/main/AndroidManifest.xml:86:13-49
	android:configChanges
		ADDED from src/main/AndroidManifest.xml:85:13-74
	android:theme
		ADDED from src/main/AndroidManifest.xml:83:13-54
	android:name
		ADDED from src/main/AndroidManifest.xml:84:13-72
activity#com.example.partner.CameraActivity
ADDED from src/main/AndroidManifest.xml:88:9-51
	android:name
		ADDED from src/main/AndroidManifest.xml:88:19-49
activity#com.example.partner.ExHistoryActivity
ADDED from src/main/AndroidManifest.xml:89:9-54
	android:name
		ADDED from src/main/AndroidManifest.xml:89:19-52
activity#com.example.partner.ExPreviewActivity
ADDED from src/main/AndroidManifest.xml:90:9-54
	android:name
		ADDED from src/main/AndroidManifest.xml:90:19-52
activity#com.example.partner.ExListActivity
ADDED from src/main/AndroidManifest.xml:91:9-51
	android:name
		ADDED from src/main/AndroidManifest.xml:91:19-49
activity#com.example.partner.LoginActivity
ADDED from src/main/AndroidManifest.xml:93:9-50
	android:name
		ADDED from src/main/AndroidManifest.xml:93:19-48
activity#com.example.partner.SignUpActivity
ADDED from src/main/AndroidManifest.xml:94:9-51
	android:name
		ADDED from src/main/AndroidManifest.xml:94:19-49
activity#com.example.partner.TrainerSignUpActivity
ADDED from src/main/AndroidManifest.xml:95:9-58
	android:name
		ADDED from src/main/AndroidManifest.xml:95:19-56
activity#com.example.partner.UserSignUpActivity
ADDED from src/main/AndroidManifest.xml:96:9-55
	android:name
		ADDED from src/main/AndroidManifest.xml:96:19-53
activity#com.example.partner.TrainerMainMenuActivity
ADDED from src/main/AndroidManifest.xml:97:9-60
	android:name
		ADDED from src/main/AndroidManifest.xml:97:19-58
activity#com.example.partner.UserMainMenuActivity
ADDED from src/main/AndroidManifest.xml:98:9-57
	android:name
		ADDED from src/main/AndroidManifest.xml:98:19-55
activity#com.example.partner.TrainerListActivity
ADDED from src/main/AndroidManifest.xml:99:9-56
	android:name
		ADDED from src/main/AndroidManifest.xml:99:19-54
activity#com.example.partner.TrainerProfileEditActivity
ADDED from src/main/AndroidManifest.xml:100:9-63
	android:name
		ADDED from src/main/AndroidManifest.xml:100:19-61
activity#com.example.partner.TrainerCallHistoryActivity
ADDED from src/main/AndroidManifest.xml:101:9-63
	android:name
		ADDED from src/main/AndroidManifest.xml:101:19-61
activity#com.example.partner.PopupTrainerInfoActivity
ADDED from src/main/AndroidManifest.xml:102:9-95
	android:theme
		ADDED from src/main/AndroidManifest.xml:102:60-93
	android:name
		ADDED from src/main/AndroidManifest.xml:102:19-59
activity#com.example.partner.PopupTrainFinishedActivity
ADDED from src/main/AndroidManifest.xml:103:9-97
	android:theme
		ADDED from src/main/AndroidManifest.xml:103:62-95
	android:name
		ADDED from src/main/AndroidManifest.xml:103:19-61
activity#com.example.partner.UserProfileActivity
ADDED from src/main/AndroidManifest.xml:104:9-56
	android:name
		ADDED from src/main/AndroidManifest.xml:104:19-54
activity#com.example.partner.UserProfileEditActivity
ADDED from src/main/AndroidManifest.xml:105:9-60
	android:name
		ADDED from src/main/AndroidManifest.xml:105:19-58
activity#com.example.partner.UserCallHistoryActivity
ADDED from src/main/AndroidManifest.xml:106:9-60
	android:name
		ADDED from src/main/AndroidManifest.xml:106:19-58
service#com.example.partner.GroupChatWebRTC.services.CallService
ADDED from src/main/AndroidManifest.xml:108:9-73
	android:name
		ADDED from src/main/AndroidManifest.xml:108:18-70
receiver#com.google.android.gms.gcm.GcmReceiver
ADDED from src/main/AndroidManifest.xml:110:9-120:20
	android:exported
		ADDED from src/main/AndroidManifest.xml:112:13-36
	android:permission
		ADDED from src/main/AndroidManifest.xml:113:13-73
	android:name
		ADDED from src/main/AndroidManifest.xml:111:13-66
intent-filter#action:name:com.google.android.c2dm.intent.RECEIVE+action:name:com.google.android.c2dm.intent.REGISTRATION+category:name:com.quickblox.sample.groupchatwebrtc
ADDED from src/main/AndroidManifest.xml:114:13-119:29
action#com.google.android.c2dm.intent.RECEIVE
ADDED from src/main/AndroidManifest.xml:115:17-81
	android:name
		ADDED from src/main/AndroidManifest.xml:115:25-78
action#com.google.android.c2dm.intent.REGISTRATION
ADDED from src/main/AndroidManifest.xml:116:17-86
	android:name
		ADDED from src/main/AndroidManifest.xml:116:25-83
category#com.quickblox.sample.groupchatwebrtc
ADDED from src/main/AndroidManifest.xml:118:17-81
	android:name
		ADDED from src/main/AndroidManifest.xml:118:27-78
service#com.example.partner.services.gcm.GcmPushListenerService
ADDED from src/main/AndroidManifest.xml:122:9-128:19
	android:exported
		ADDED from src/main/AndroidManifest.xml:124:13-37
	android:name
		ADDED from src/main/AndroidManifest.xml:123:13-64
intent-filter#action:name:com.google.android.c2dm.intent.RECEIVE
ADDED from src/main/AndroidManifest.xml:125:13-127:29
service#com.quickblox.messages.services.gcm.QBGcmPushInstanceIDService
ADDED from src/main/AndroidManifest.xml:130:9-136:19
	android:exported
		ADDED from src/main/AndroidManifest.xml:132:13-37
	android:name
		ADDED from src/main/AndroidManifest.xml:131:13-90
intent-filter#action:name:com.google.android.gms.iid.InstanceID
ADDED from src/main/AndroidManifest.xml:133:13-135:29
action#com.google.android.gms.iid.InstanceID
ADDED from src/main/AndroidManifest.xml:134:17-80
	android:name
		ADDED from src/main/AndroidManifest.xml:134:25-77
meta-data#com.quickblox.messages.TYPE
ADDED from src/main/AndroidManifest.xml:138:9-140:35
	android:value
		ADDED from src/main/AndroidManifest.xml:140:13-32
	android:name
		ADDED from src/main/AndroidManifest.xml:139:13-55
meta-data#com.quickblox.messages.SENDER_ID
ADDED from src/main/AndroidManifest.xml:142:9-144:49
	android:value
		ADDED from src/main/AndroidManifest.xml:144:13-46
	android:name
		ADDED from src/main/AndroidManifest.xml:143:13-60
meta-data#com.quickblox.messages.QB_ENVIRONMENT
ADDED from src/main/AndroidManifest.xml:146:9-148:43
	android:value
		ADDED from src/main/AndroidManifest.xml:148:13-40
	android:name
		ADDED from src/main/AndroidManifest.xml:147:13-65
meta-data#com.google.android.gms.version
ADDED from src/main/AndroidManifest.xml:150:9-152:69
MERGED from [com.google.android.gms:play-services-basement:16.0.1] AndroidManifest.xml:23:9-25:69
MERGED from [com.google.android.gms:play-services-basement:16.0.1] AndroidManifest.xml:23:9-25:69
	android:value
		ADDED from src/main/AndroidManifest.xml:152:13-66
	android:name
		ADDED from src/main/AndroidManifest.xml:151:13-58
meta-data#io.fabric.ApiKey
ADDED from src/main/AndroidManifest.xml:154:9-156:72
	android:value
		ADDED from src/main/AndroidManifest.xml:156:13-69
	android:name
		ADDED from src/main/AndroidManifest.xml:155:13-44
uses-sdk
INJECTED from src/main/AndroidManifest.xml reason: use-sdk injection requested
INJECTED from src/main/AndroidManifest.xml
INJECTED from src/main/AndroidManifest.xml
MERGED from [androidx.constraintlayout:constraintlayout:1.1.3] AndroidManifest.xml:5:5-7:41
MERGED from [androidx.constraintlayout:constraintlayout:1.1.3] AndroidManifest.xml:5:5-7:41
MERGED from [com.google.android.material:material:1.0.0-rc01] AndroidManifest.xml:20:5-44
MERGED from [com.google.android.material:material:1.0.0-rc01] AndroidManifest.xml:20:5-44
MERGED from [androidx.recyclerview:recyclerview:1.0.0-rc01] AndroidManifest.xml:20:5-44
MERGED from [androidx.recyclerview:recyclerview:1.0.0-rc01] AndroidManifest.xml:20:5-44
MERGED from [gun0912.ted:tedpermission:2.1.0] AndroidManifest.xml:5:5-7:41
MERGED from [gun0912.ted:tedpermission:2.1.0] AndroidManifest.xml:5:5-7:41
MERGED from [androidx.appcompat:appcompat:1.0.0-rc01] AndroidManifest.xml:20:5-44
MERGED from [androidx.appcompat:appcompat:1.0.0-rc01] AndroidManifest.xml:20:5-44
MERGED from [androidx.transition:transition:1.0.0-rc01] AndroidManifest.xml:20:5-44
MERGED from [androidx.transition:transition:1.0.0-rc01] AndroidManifest.xml:20:5-44
MERGED from [androidx.cardview:cardview:1.0.0-rc01] AndroidManifest.xml:20:5-44
MERGED from [androidx.cardview:cardview:1.0.0-rc01] AndroidManifest.xml:20:5-44
MERGED from [androidx.vectordrawable:vectordrawable-animated:1.0.0-rc01] AndroidManifest.xml:20:5-44
MERGED from [androidx.vectordrawable:vectordrawable-animated:1.0.0-rc01] AndroidManifest.xml:20:5-44
MERGED from [androidx.vectordrawable:vectordrawable:1.0.0-rc01] AndroidManifest.xml:20:5-44
MERGED from [androidx.vectordrawable:vectordrawable:1.0.0-rc01] AndroidManifest.xml:20:5-44
MERGED from [androidx.legacy:legacy-support-v13:1.0.0-rc01] AndroidManifest.xml:20:5-44
MERGED from [androidx.legacy:legacy-support-v13:1.0.0-rc01] AndroidManifest.xml:20:5-44
MERGED from [com.quickblox:quickblox-android-sdk-messages:3.9.1] AndroidManifest.xml:5:5-7:41
MERGED from [com.quickblox:quickblox-android-sdk-messages:3.9.1] AndroidManifest.xml:5:5-7:41
MERGED from [com.prolificinteractive:material-calendarview:1.4.3] AndroidManifest.xml:8:5-10:41
MERGED from [com.prolificinteractive:material-calendarview:1.4.3] AndroidManifest.xml:8:5-10:41
MERGED from [com.google.firebase:firebase-messaging:17.3.3] AndroidManifest.xml:20:5-44
MERGED from [com.google.firebase:firebase-messaging:17.3.3] AndroidManifest.xml:20:5-44
MERGED from [com.google.android.gms:play-services-gcm:16.0.0] AndroidManifest.xml:20:5-44
MERGED from [com.google.android.gms:play-services-gcm:16.0.0] AndroidManifest.xml:20:5-44
MERGED from [com.google.firebase:firebase-iid:17.0.3] AndroidManifest.xml:20:5-44
MERGED from [com.google.firebase:firebase-iid:17.0.3] AndroidManifest.xml:20:5-44
MERGED from [com.google.firebase:firebase-common:16.0.3] AndroidManifest.xml:5:5-7:41
MERGED from [com.google.firebase:firebase-common:16.0.3] AndroidManifest.xml:5:5-7:41
MERGED from [com.google.android.gms:play-services-iid:16.0.0] AndroidManifest.xml:20:5-44
MERGED from [com.google.android.gms:play-services-iid:16.0.0] AndroidManifest.xml:20:5-44
MERGED from [com.google.firebase:firebase-iid-interop:16.0.1] AndroidManifest.xml:5:5-44
MERGED from [com.google.firebase:firebase-iid-interop:16.0.1] AndroidManifest.xml:5:5-44
MERGED from [com.google.android.gms:play-services-base:16.0.1] AndroidManifest.xml:20:5-44
MERGED from [com.google.android.gms:play-services-base:16.0.1] AndroidManifest.xml:20:5-44
MERGED from [com.google.android.gms:play-services-tasks:16.0.1] AndroidManifest.xml:5:5-44
MERGED from [com.google.android.gms:play-services-tasks:16.0.1] AndroidManifest.xml:5:5-44
MERGED from [com.google.firebase:firebase-measurement-connector:17.0.1] AndroidManifest.xml:20:5-44
MERGED from [com.google.firebase:firebase-measurement-connector:17.0.1] AndroidManifest.xml:20:5-44
MERGED from [com.google.android.gms:play-services-stats:16.0.1] AndroidManifest.xml:5:5-44
MERGED from [com.google.android.gms:play-services-stats:16.0.1] AndroidManifest.xml:5:5-44
MERGED from [com.google.android.gms:play-services-basement:16.0.1] AndroidManifest.xml:20:5-44
MERGED from [com.google.android.gms:play-services-basement:16.0.1] AndroidManifest.xml:20:5-44
MERGED from [androidx.legacy:legacy-support-v4:1.0.0] AndroidManifest.xml:20:5-44
MERGED from [androidx.legacy:legacy-support-v4:1.0.0] AndroidManifest.xml:20:5-44
MERGED from [androidx.media:media:1.0.0] AndroidManifest.xml:20:5-44
MERGED from [androidx.media:media:1.0.0] AndroidManifest.xml:20:5-44
MERGED from [androidx.fragment:fragment:1.0.0] AndroidManifest.xml:20:5-44